PS C:\Users\tjdgh\Desktop\work\datacommand\CDM2\cdm-ui> pnpm run build

> neverstop-ui@1.0.0 build C:\Users\tjdgh\Desktop\work\datacommand\CDM2\cdm-ui
> turbo build

turbo 2.0.12

• Packages in scope: @neverstop-ui/api, @neverstop-ui/backup, @neverstop-ui/cloud, @neverstop-ui/components, @neverstop-ui/core, @neverstop-ui/eslint-config, @neverstop-ui/graphql, @neverstop-ui/mocks, @neverstop-ui/openshift, @neverstop-ui/openstack, @neverstop-ui/prettier-config, @neverstop-ui/react-hooks, @neverstop-ui/state, @neverstop-ui/storage, @neverstop-ui/style, @neverstop-ui/typescript-config, @neverstop-ui/utils
• Running build in 17 packages
• Remote caching disabled
@neverstop-ui/core:build: cache miss, executing dc0ca582f61d442b
@neverstop-ui/openshift:build: cache miss, executing 2b5f6ea098b8be91
@neverstop-ui/storage:build: cache hit, replaying logs 4f77f27c4ecd8419
@neverstop-ui/storage:build:
@neverstop-ui/storage:build: > @neverstop-ui/storage@0.1.0 build C:\Users\tjdgh\Desktop\work\datacommand\CDM2\cdm-ui\apps\neverstop-storage
@neverstop-ui/storage:build: > vite build
@neverstop-ui/storage:build:
@neverstop-ui/storage:build: vite v5.3.4 building for production...
@neverstop-ui/storage:build: transforming...
@neverstop-ui/storage:build: ✓ 2760 modules transformed.
@neverstop-ui/storage:build: rendering chunks...
@neverstop-ui/storage:build: computing gzip size...
@neverstop-ui/storage:build: build/assets/index-DEu4J2pT.css      7.32 kB │ gzip:   1.60 kB
@neverstop-ui/storage:build:
@neverstop-ui/storage:build: (!) Some chunks are larger than 500 kB after minification. Consider:
@neverstop-ui/storage:build: - Using dynamic import() to code-split the application
@neverstop-ui/storage:build: build/assets/index-C18FYtCL.js   3,008.22 kB │ gzip: 592.99 kB
@neverstop-ui/storage:build: - Use build.rollupOptions.output.manualChunks to improve chunking: https://rollupjs.org/configuration-options/#output-manualchunks
@neverstop-ui/storage:build: - Adjust chunk size limit for this warning via build.chunkSizeWarningLimit.
@neverstop-ui/storage:build: ✓ built in 45.69s
@neverstop-ui/openstack:build: cache hit, replaying logs 00cacbdf2275df2a
@neverstop-ui/backup:build: cache hit, replaying logs 344f2a999dec8a42
@neverstop-ui/openstack:build:
@neverstop-ui/backup:build:
@neverstop-ui/backup:build: > @neverstop-ui/backup@0.1.0 build C:\Users\tjdgh\Desktop\work\datacommand\CDM2\cdm-ui\apps\neverstop-backup
@neverstop-ui/backup:build: > vite build
@neverstop-ui/backup:build:
@neverstop-ui/backup:build: vite v5.3.4 building for production...
@neverstop-ui/backup:build: transforming...
@neverstop-ui/backup:build: ✓ 2789 modules transformed.
@neverstop-ui/openstack:build: > @neverstop-ui/openstack@0.1.0 build C:\Users\tjdgh\Desktop\work\datacommand\CDM2\cdm-ui\apps\neverstop-openstack
@neverstop-ui/openstack:build: > vite build
@neverstop-ui/openstack:build:
@neverstop-ui/openstack:build: vite v5.3.4 building for production...
@neverstop-ui/openstack:build: transforming...
@neverstop-ui/openstack:build: ✓ 2854 modules transformed.
@neverstop-ui/openstack:build: rendering chunks...
@neverstop-ui/openstack:build: computing gzip size...
@neverstop-ui/openstack:build: build/assets/index-DEu4J2pT.css      7.32 kB │ gzip:   1.60 kB
@neverstop-ui/openstack:build: build/assets/index-CeeeCrTf.js   3,877.56 kB │ gzip: 822.40 kB
@neverstop-ui/backup:build: rendering chunks...
@neverstop-ui/openstack:build:
@neverstop-ui/openstack:build: (!) Some chunks are larger than 500 kB after minification. Consider:
@neverstop-ui/openstack:build: - Using dynamic import() to code-split the application
@neverstop-ui/openstack:build: ✓ built in 47.72s
@neverstop-ui/openstack:build: - Use build.rollupOptions.output.manualChunks to improve chunking: https://rollupjs.org/configuration-options/#output-manualchunks
@neverstop-ui/openstack:build: - Adjust chunk size limit for this warning via build.chunkSizeWarningLimit.
@neverstop-ui/backup:build: computing gzip size...
@neverstop-ui/backup:build:
@neverstop-ui/backup:build: build/assets/index-DEu4J2pT.css      7.32 kB │ gzip:   1.60 kB
@neverstop-ui/backup:build: (!) Some chunks are larger than 500 kB after minification. Consider:
@neverstop-ui/backup:build: build/assets/index-OQFJlZ1u.js   3,055.94 kB │ gzip: 602.79 kB
@neverstop-ui/backup:build: ✓ built in 44.91s
@neverstop-ui/backup:build: - Using dynamic import() to code-split the application
@neverstop-ui/backup:build: - Use build.rollupOptions.output.manualChunks to improve chunking: https://rollupjs.org/configuration-options/#output-manualchunks
@neverstop-ui/backup:build: - Adjust chunk size limit for this warning via build.chunkSizeWarningLimit.
@neverstop-ui/core:build: 
@neverstop-ui/core:build: > @neverstop-ui/core@0.1.0 build C:\Users\tjdgh\Desktop\work\datacommand\CDM2\cdm-ui\apps\neverstop-core
@neverstop-ui/core:build: > vite build
@neverstop-ui/core:build:
@neverstop-ui/openshift:build: 
@neverstop-ui/openshift:build: > @neverstop-ui/openshift@0.1.0 build C:\Users\tjdgh\Desktop\work\datacommand\CDM2\cdm-ui\apps\neverstop-openshift
@neverstop-ui/openshift:build: > vite build
@neverstop-ui/openshift:build:
@neverstop-ui/core:build: vite v5.3.4 building for production...
@neverstop-ui/openshift:build: vite v5.3.4 building for production...
@neverstop-ui/core:build: transforming...
@neverstop-ui/openshift:build: transforming...
@neverstop-ui/core:build: ✓ 2796 modules transformed.
@neverstop-ui/openshift:build: ✓ 2877 modules transformed.
@neverstop-ui/core:build: rendering chunks...
@neverstop-ui/core:build: computing gzip size...
@neverstop-ui/core:build: build/assets/index-DEu4J2pT.css      7.32 kB │ gzip:   1.60 kB
@neverstop-ui/core:build:
@neverstop-ui/core:build: build/assets/index-YSbuqnRA.js   3,103.44 kB │ gzip: 613.07 kB
@neverstop-ui/core:build: (!) Some chunks are larger than 500 kB after minification. Consider:
@neverstop-ui/core:build: ✓ built in 22.41s
@neverstop-ui/core:build: - Using dynamic import() to code-split the application
@neverstop-ui/core:build: - Use build.rollupOptions.output.manualChunks to improve chunking: https://rollupjs.org/configuration-options/#output-manualchunks
@neverstop-ui/core:build: - Adjust chunk size limit for this warning via build.chunkSizeWarningLimit.
@neverstop-ui/openshift:build: rendering chunks...
@neverstop-ui/openshift:build: computing gzip size...
@neverstop-ui/openshift:build: build/assets/NotoSansKR-Regular-DFrjjOr5.woff2    159.69 kB
@neverstop-ui/openshift:build: build/assets/NotoSansKR-Medium-CF8dWShJ.woff2     161.02 kB
@neverstop-ui/openshift:build: build/assets/NotoSansKR-Bold-BqT3JrOT.woff2       163.08 kB
@neverstop-ui/openshift:build: build/assets/index-ClvvIFas.css                     7.84 kB │ gzip:   1.76 kB
@neverstop-ui/openshift:build:
@neverstop-ui/openshift:build: build/assets/index-NsJjzjre.js                  3,368.82 kB │ gzip: 670.96 kB
@neverstop-ui/openshift:build: (!) Some chunks are larger than 500 kB after minification. Consider:
@neverstop-ui/openshift:build: - Using dynamic import() to code-split the application
@neverstop-ui/openshift:build: ✓ built in 23.14s
@neverstop-ui/openshift:build: - Use build.rollupOptions.output.manualChunks to improve chunking: https://rollupjs.org/configuration-options/#output-manualchunks
@neverstop-ui/openshift:build: - Adjust chunk size limit for this warning via build.chunkSizeWarningLimit.
@neverstop-ui/cloud:build: cache miss, executing 032470de624de3a9
@neverstop-ui/cloud:build: 
@neverstop-ui/cloud:build: > @neverstop-ui/cloud@0.1.0 build C:\Users\tjdgh\Desktop\work\datacommand\CDM2\cdm-ui\apps\neverstop-cloud
@neverstop-ui/cloud:build: > vite build
@neverstop-ui/cloud:build:
@neverstop-ui/cloud:build: vite v5.3.4 building for production...
@neverstop-ui/cloud:build: transforming...
@neverstop-ui/cloud:build: ✓ 4911 modules transformed.
@neverstop-ui/cloud:build: rendering chunks...
@neverstop-ui/cloud:build: computing gzip size...
@neverstop-ui/cloud:build: build/assets/NotoSansKR-Regular-DFrjjOr5.woff2    159.69 kB
@neverstop-ui/cloud:build:
@neverstop-ui/cloud:build: build/assets/NotoSansKR-Medium-CF8dWShJ.woff2     161.02 kB
@neverstop-ui/cloud:build: build/assets/NotoSansKR-Bold-BqT3JrOT.woff2       163.08 kB
@neverstop-ui/cloud:build: (!) Some chunks are larger than 500 kB after minification. Consider:
@neverstop-ui/cloud:build: - Using dynamic import() to code-split the application
@neverstop-ui/cloud:build: - Use build.rollupOptions.output.manualChunks to improve chunking: https://rollupjs.org/configuration-options/#output-manualchunks
@neverstop-ui/cloud:build: - Adjust chunk size limit for this warning via build.chunkSizeWarningLimit.
@neverstop-ui/cloud:build: build/assets/index-C4iJgXnx.css                    19.26 kB │ gzip:     3.78 kB
@neverstop-ui/cloud:build: build/assets/index-c0EPVdSL.js                  4,929.00 kB │ gzip: 1,102.02 kB
@neverstop-ui/cloud:build: ✓ built in 30.80s

 Tasks:    6 successful, 6 total
Cached:    3 cached, 6 total
  Time:    1m0.478s